0:0:0:0:0:0:0:1 -  -  [05/Jun/2019:05:05:45 +0000] "GET /annotation/search?uri=https%3A%2F%2Fwww.e-codices.unifr.ch%2Fmetadata%2Fiiif%2Fbge-cl0015%2Fcanvas%2Fbge-cl0015_e005.json&APIKey=user_auth&media=image&limit=10000&_=1559705866743 HTTP/1.1" 200 4 
0:0:0:0:0:0:0:1 -  -  [05/Jun/2019:05:05:58 +0000] "GET /build/mirador/images/border_type_1.png HTTP/1.1" 404 1403 
0:0:0:0:0:0:0:1 -  -  [05/Jun/2019:05:06:02 +0000] "GET /mirador-2.6.1/plugins/link/plugin.js HTTP/1.1" 200 23141 
0:0:0:0:0:0:0:1 -  -  [05/Jun/2019:05:06:02 +0000] "GET /mirador-2.6.1/plugins/directionality/plugin.js HTTP/1.1" 200 1853 
0:0:0:0:0:0:0:1 -  -  [05/Jun/2019:05:06:02 +0000] "GET /mirador-2.6.1/plugins/media/plugin.js HTTP/1.1" 200 36311 
0:0:0:0:0:0:0:1 -  -  [05/Jun/2019:05:06:02 +0000] "GET /mirador-2.6.1/skins/lightgray/skin.min.css HTTP/1.1" 200 43950 
0:0:0:0:0:0:0:1 -  -  [05/Jun/2019:05:06:05 +0000] "POST /annotation/create?APIKey=user_auth HTTP/1.1" 500 3414 
0:0:0:0:0:0:0:1 -  -  [05/Jun/2019:05:07:54 +0000] "GET /build/mirador/images/border_type_1.png HTTP/1.1" 404 1403 
0:0:0:0:0:0:0:1 -  -  [05/Jun/2019:05:07:54 +0000] "GET /build/mirador/images/border_type_4.png HTTP/1.1" 404 1403 
0:0:0:0:0:0:0:1 -  -  [05/Jun/2019:05:07:54 +0000] "GET /build/mirador/images/border_type_2.png HTTP/1.1" 404 1403 
0:0:0:0:0:0:0:1 -  -  [05/Jun/2019:05:07:54 +0000] "GET /build/mirador/images/border_type_5.png HTTP/1.1" 404 1403 
0:0:0:0:0:0:0:1 -  -  [05/Jun/2019:05:07:54 +0000] "GET /build/mirador/images/border_type_3.png HTTP/1.1" 404 1403 
0:0:0:0:0:0:0:1 -  -  [05/Jun/2019:05:07:59 +0000] "GET /index.html HTTP/1.1" 200 4168 
0:0:0:0:0:0:0:1 -  -  [05/Jun/2019:05:07:59 +0000] "GET /mirador-2.6.1/css/mirador-combined.css HTTP/1.1" 200 242008 
0:0:0:0:0:0:0:1 -  -  [05/Jun/2019:05:07:59 +0000] "GET /mirador-2.6.1/mirador.js HTTP/1.1" 200 3365582 
0:0:0:0:0:0:0:1 -  -  [05/Jun/2019:05:07:59 +0000] "GET /build/mirador/locales/en/translation.json HTTP/1.1" 404 1406 
0:0:0:0:0:0:0:1 -  -  [05/Jun/2019:05:07:59 +0000] "GET /build/mirador/locales/en-US/translation.json HTTP/1.1" 404 1409 
0:0:0:0:0:0:0:1 -  -  [05/Jun/2019:05:07:59 +0000] "GET /build/mirador/images/debut_dark.png HTTP/1.1" 404 1400 
0:0:0:0:0:0:0:1 -  -  [05/Jun/2019:05:08:00 +0000] "GET /examples/Cambrian_1804-01-28.json HTTP/1.1" 200 11536 
0:0:0:0:0:0:0:1 -  -  [05/Jun/2019:05:08:07 +0000] "GET /annotation/search?uri=https%3A%2F%2Fiiif.lib.harvard.edu%2Fmanifests%2Fdrs%3A48309543%2Fcanvas%2Fcanvas-48309545.json&APIKey=user_auth&media=image&limit=10000&_=1559711279646 HTTP/1.1" 200 4 
0:0:0:0:0:0:0:1 -  -  [05/Jun/2019:05:08:16 +0000] "GET /build/mirador/images/border_type_1.png HTTP/1.1" 404 1403 
0:0:0:0:0:0:0:1 -  -  [05/Jun/2019:05:08:26 +0000] "POST /annotation/create?APIKey=user_auth HTTP/1.1" 500 4033 
0:0:0:0:0:0:0:1 -  -  [05/Jun/2019:05:13:01 +0000] "GET /annotation/search?uri=https%3A%2F%2Fiiif.lib.harvard.edu%2Fmanifests%2Fdrs%3A48309543%2Fcanvas%2Fcanvas-48309544.json&APIKey=user_auth&media=image&limit=10000&_=1559711279647 HTTP/1.1" 200 4 
0:0:0:0:0:0:0:1 -  -  [05/Jun/2019:05:13:04 +0000] "GET /index.html HTTP/1.1" 304 0 
0:0:0:0:0:0:0:1 -  -  [05/Jun/2019:05:13:05 +0000] "GET /mirador-2.6.1/mirador.js HTTP/1.1" 304 0 
0:0:0:0:0:0:0:1 -  -  [05/Jun/2019:05:13:05 +0000] "GET /mirador-2.6.1/css/mirador-combined.css HTTP/1.1" 304 0 
0:0:0:0:0:0:0:1 -  -  [05/Jun/2019:05:13:05 +0000] "GET /build/mirador/locales/en-US/translation.json HTTP/1.1" 404 1409 
0:0:0:0:0:0:0:1 -  -  [05/Jun/2019:05:13:05 +0000] "GET /build/mirador/locales/en/translation.json HTTP/1.1" 404 1406 
0:0:0:0:0:0:0:1 -  -  [05/Jun/2019:05:13:05 +0000] "GET /build/mirador/images/debut_dark.png HTTP/1.1" 404 1400 
0:0:0:0:0:0:0:1 -  -  [05/Jun/2019:05:13:09 +0000] "GET /annotation/search?uri=https%3A%2F%2Fiiif.lib.harvard.edu%2Fmanifests%2Fdrs%3A48309543%2Fcanvas%2Fcanvas-48309544.json&APIKey=user_auth&media=image&limit=10000&_=1559711585679 HTTP/1.1" 200 4 
0:0:0:0:0:0:0:1 -  -  [05/Jun/2019:05:13:16 +0000] "GET /build/mirador/images/border_type_1.png HTTP/1.1" 404 1403 
0:0:0:0:0:0:0:1 -  -  [05/Jun/2019:05:13:23 +0000] "POST /annotation/create?APIKey=user_auth HTTP/1.1" 201 1823 
127.0.0.1 -  -  [05/Jun/2019:05:21:31 +0000] "POST /annotation/update?APIKey=user_auth HTTP/1.1" 500 4202 
127.0.0.1 -  -  [05/Jun/2019:05:23:17 +0000] "POST /annotation/update?APIKey=user_auth HTTP/1.1" 201 1895 
